<?xml version="1.0" encoding="UTF-8"?>
<!-- Generated by org.testng.reporters.JUnitXMLReporter -->
<testsuite hostname="INLH104910" ignored="0" name="Default test" tests="4" failures="0" timestamp="22 May 2020 14:43:19 GMT" time="0.058" errors="0">
  <testcase name="t1" time="0.006" classname="com.seleniumprograms.testng.TestNGBasicAnotitations"/>
  <testcase name="t2" time="0.004" classname="com.seleniumprograms.testng.TestNGBasicAnotitations"/>
  <testcase name="t3" time="0.002" classname="com.seleniumprograms.testng.TestNGBasicAnotitations"/>
  <testcase name="t4" time="0.003" classname="com.seleniumprograms.testng.TestNGBasicAnotitations"/>
</testsuite> <!-- Default test -->
