<?xml version="1.0" encoding="UTF-8"?>
<!-- Generated by org.testng.reporters.JUnitXMLReporter -->
<testsuite hostname="INLH104910" ignored="0" name="Test2" tests="3" failures="1" timestamp="24 May 2020 11:51:09 GMT" time="0.044" errors="0">
  <testcase name="test2" time="0.009" classname="com.seleniumprograms.testng.Test2">
    <skipped/>
  </testcase> <!-- test2 -->
  <testcase name="test2" time="0.005" classname="com.seleniumprograms.testng.Test2">
    <skipped/>
  </testcase> <!-- test2 -->
  <testcase name="test2" time="0.004" classname="com.seleniumprograms.testng.Test2">
    <failure type="java.lang.AssertionError" message="expected [true] but found [false]">
      <![CDATA[java.lang.AssertionError: expected [true] but found [false]
	at com.seleniumprograms.testng.Test2.test2(Test2.java:12)
... Removed 29 stack frames]]>
    </failure>
  </testcase> <!-- test2 -->
</testsuite> <!-- Test2 -->
