<?xml version="1.0" encoding="UTF-8"?>
<!-- Generated by org.testng.reporters.JUnitXMLReporter -->
<testsuite hostname="INLH104910" ignored="0" name="Test" tests="8" failures="0" timestamp="26 May 2020 08:56:46 GMT" time="51.08" errors="0">
  <testcase name="ex1" time="13.06" classname="com.seleniumprograms.testng.ParallelExcution2"/>
  <testcase name="ex1" time="13.092" classname="com.seleniumprograms.testng.ParallelExcution"/>
  <testcase name="ex2" time="11.985" classname="com.seleniumprograms.testng.ParallelExcution2"/>
  <testcase name="ex2" time="11.983" classname="com.seleniumprograms.testng.ParallelExcution"/>
  <testcase name="ex3" time="12.899" classname="com.seleniumprograms.testng.ParallelExcution2"/>
  <testcase name="ex3" time="13.151" classname="com.seleniumprograms.testng.ParallelExcution"/>
  <testcase name="ex4" time="12.984" classname="com.seleniumprograms.testng.ParallelExcution2"/>
  <testcase name="ex4" time="12.756" classname="com.seleniumprograms.testng.ParallelExcution"/>
</testsuite> <!-- Test -->
