<?xml version="1.0" encoding="UTF-8"?>
<!-- Generated by org.testng.reporters.JUnitXMLReporter -->
<testsuite hostname="INLH104910" ignored="0" name="Test3" tests="9" failures="3" timestamp="29 May 2020 14:54:15 GMT" time="0.038" errors="0">
  <testcase name="m1" time="0.002" classname="com.seleniumprograms.testng.Test3">
    <skipped/>
  </testcase> <!-- m1 -->
  <testcase name="m1" time="0.001" classname="com.seleniumprograms.testng.Test3">
    <skipped/>
  </testcase> <!-- m1 -->
  <testcase name="m1" time="0.001" classname="com.seleniumprograms.testng.Test3">
    <failure type="java.lang.Error">
      <![CDATA[java.lang.Error
	at com.seleniumprograms.testng.Test3.m1(Test3.java:10)
... Removed 25 stack frames]]>
    </failure>
  </testcase> <!-- m1 -->
  <testcase name="m2" time="0.002" classname="com.seleniumprograms.testng.Test3">
    <skipped/>
  </testcase> <!-- m2 -->
  <testcase name="m2" time="0.001" classname="com.seleniumprograms.testng.Test3">
    <skipped/>
  </testcase> <!-- m2 -->
  <testcase name="m2" time="0.002" classname="com.seleniumprograms.testng.Test3">
    <failure type="java.lang.Error">
      <![CDATA[java.lang.Error
	at com.seleniumprograms.testng.Test3.m2(Test3.java:24)
... Removed 25 stack frames]]>
    </failure>
  </testcase> <!-- m2 -->
  <testcase name="m3" time="0.001" classname="com.seleniumprograms.testng.Test3">
    <skipped/>
  </testcase> <!-- m3 -->
  <testcase name="m3" time="0.002" classname="com.seleniumprograms.testng.Test3">
    <skipped/>
  </testcase> <!-- m3 -->
  <testcase name="m3" time="0.002" classname="com.seleniumprograms.testng.Test3">
    <failure type="java.lang.Error">
      <![CDATA[java.lang.Error
	at com.seleniumprograms.testng.Test3.m3(Test3.java:17)
... Removed 25 stack frames]]>
    </failure>
  </testcase> <!-- m3 -->
</testsuite> <!-- Test3 -->
