<?xml version="1.0" encoding="UTF-8"?>
<!-- Generated by org.testng.reporters.JUnitXMLReporter -->
<testsuite hostname="INLH104910" ignored="0" name="Test1" tests="4" failures="1" timestamp="24 May 2020 10:08:16 GMT" time="0.159" errors="0">
  <testcase name="t1" time="0.023" classname="com.seleniumprograms.suite1.Suite1">
    <failure type="java.lang.Error" message="i am dependent">
      <![CDATA[java.lang.Error: i am dependent
	at com.seleniumprograms.suite1.Suite1.t1(Suite1.java:77)
	at java.util.concurrent.ThreadPoolExecutor.runWorker(ThreadPoolExecutor.java:1149)
	at java.util.concurrent.ThreadPoolExecutor$Worker.run(ThreadPoolExecutor.java:624)
	at java.lang.Thread.run(Thread.java:748)
... Removed 10 stack frames]]>
    </failure>
  </testcase> <!-- t1 -->
  <testcase name="t2" time="0.009" classname="com.seleniumprograms.suite1.Suite1"/>
  <testcase name="t3" time="0.002" classname="com.seleniumprograms.suite1.Suite1"/>
  <testcase name="t4" time="0.003" classname="com.seleniumprograms.suite1.Suite1"/>
</testsuite> <!-- Test1 -->
