<?xml version="1.0" encoding="UTF-8"?>
<!-- Generated by org.testng.reporters.JUnitXMLReporter -->
<testsuite hostname="INLH104910" ignored="0" name="Test" tests="12" failures="0" timestamp="22 May 2020 14:53:03 GMT" time="0.122" errors="0">
  <testcase name="t1" time="0.005" classname="com.seleniumprograms.testng.TestNGBasicAnotitations"/>
  <testcase name="t2" time="0.002" classname="com.seleniumprograms.testng.TestNGBasicAnotitations"/>
  <testcase name="t3" time="0.002" classname="com.seleniumprograms.testng.TestNGBasicAnotitations"/>
  <testcase name="t1" time="0.002" classname="com.seleniumprograms.testng.TestNGBasicAnotitations2"/>
  <testcase name="t4" time="0.005" classname="com.seleniumprograms.testng.TestNGBasicAnotitations"/>
  <testcase name="t2" time="0.003" classname="com.seleniumprograms.testng.TestNGBasicAnotitations2"/>
  <testcase name="t3" time="0.002" classname="com.seleniumprograms.testng.TestNGBasicAnotitations2"/>
  <testcase name="t4" time="0.002" classname="com.seleniumprograms.testng.TestNGBasicAnotitations2"/>
  <testcase name="t1" time="0.001" classname="com.seleniumprograms.testng.TestNGBasicAnotitations3"/>
  <testcase name="t2" time="0.002" classname="com.seleniumprograms.testng.TestNGBasicAnotitations3"/>
  <testcase name="t3" time="0.001" classname="com.seleniumprograms.testng.TestNGBasicAnotitations3"/>
  <testcase name="t4" time="0.003" classname="com.seleniumprograms.testng.TestNGBasicAnotitations3"/>
</testsuite> <!-- Test -->
