<?xml version="1.0" encoding="UTF-8"?>
<testng-results skipped="0" failed="0" ignored="0" total="8" passed="8">
  <reporter-output>
  </reporter-output>
  <suite name="Suite" duration-ms="51080" started-at="2020-05-26T08:55:55Z" finished-at="2020-05-26T08:56:46Z">
    <groups>
    </groups>
    <test name="Test" duration-ms="51080" started-at="2020-05-26T08:55:55Z" finished-at="2020-05-26T08:56:46Z">
      <class name="com.seleniumprograms.testng.ParallelExcution">
        <test-method status="PASS" signature="ex1()[pri:0, instance:com.seleniumprograms.testng.ParallelExcution@13acb0d1]" name="ex1" duration-ms="13092" started-at="2020-05-26T14:25:55Z" finished-at="2020-05-26T14:26:08Z">
          <reporter-output>
          </reporter-output>
        </test-method> <!-- ex1 -->
        <test-method status="PASS" signature="ex2()[pri:0, instance:com.seleniumprograms.testng.ParallelExcution@13acb0d1]" name="ex2" duration-ms="11983" started-at="2020-05-26T14:26:08Z" finished-at="2020-05-26T14:26:20Z">
          <reporter-output>
          </reporter-output>
        </test-method> <!-- ex2 -->
        <test-method status="PASS" signature="ex3()[pri:0, instance:com.seleniumprograms.testng.ParallelExcution@13acb0d1]" name="ex3" duration-ms="13151" started-at="2020-05-26T14:26:20Z" finished-at="2020-05-26T14:26:33Z">
          <reporter-output>
          </reporter-output>
        </test-method> <!-- ex3 -->
        <test-method status="PASS" signature="ex4()[pri:0, instance:com.seleniumprograms.testng.ParallelExcution@13acb0d1]" name="ex4" duration-ms="12756" started-at="2020-05-26T14:26:33Z" finished-at="2020-05-26T14:26:46Z">
          <reporter-output>
          </reporter-output>
        </test-method> <!-- ex4 -->
      </class> <!-- com.seleniumprograms.testng.ParallelExcution -->
      <class name="com.seleniumprograms.testng.ParallelExcution2">
        <test-method status="PASS" signature="ex1()[pri:0, instance:com.seleniumprograms.testng.ParallelExcution2@2b6856dd]" name="ex1" duration-ms="13060" started-at="2020-05-26T14:25:55Z" finished-at="2020-05-26T14:26:08Z">
          <reporter-output>
          </reporter-output>
        </test-method> <!-- ex1 -->
        <test-method status="PASS" signature="ex2()[pri:0, instance:com.seleniumprograms.testng.ParallelExcution2@2b6856dd]" name="ex2" duration-ms="11985" started-at="2020-05-26T14:26:08Z" finished-at="2020-05-26T14:26:20Z">
          <reporter-output>
          </reporter-output>
        </test-method> <!-- ex2 -->
        <test-method status="PASS" signature="ex3()[pri:0, instance:com.seleniumprograms.testng.ParallelExcution2@2b6856dd]" name="ex3" duration-ms="12899" started-at="2020-05-26T14:26:20Z" finished-at="2020-05-26T14:26:33Z">
          <reporter-output>
          </reporter-output>
        </test-method> <!-- ex3 -->
        <test-method status="PASS" signature="ex4()[pri:0, instance:com.seleniumprograms.testng.ParallelExcution2@2b6856dd]" name="ex4" duration-ms="12984" started-at="2020-05-26T14:26:33Z" finished-at="2020-05-26T14:26:46Z">
          <reporter-output>
          </reporter-output>
        </test-method> <!-- ex4 -->
      </class> <!-- com.seleniumprograms.testng.ParallelExcution2 -->
    </test> <!-- Test -->
  </suite> <!-- Suite -->
</testng-results>
